2013/03/25 16:41:25 にビルドを開始しました。
     1>ノード 2 上のプロジェクト "C:\Users\yutaka\gura\tmp\cap26\cap26.vcxproj" (build ターゲット)。
     1>InitializeBuildStatus:
         "Debug\cap26.unsuccessfulbuild" のタッチ タスクを実行しています。
       ClCompile:
         C:\Program Files (x86)\Microsoft Visual Studio 10.0\VC\bin\CL.exe /c /ZI /nologo /W3 /WX- /Od /Oy- /D WIN32 /D _DEBUG /D _CONSOLE /D _UNICODE /D UNICODE /Gm /EHsc /RTC1 /MDd /GS /fp:precise /Zc:wchar_t /Zc:forScope /Fo"Debug\\" /Fd"Debug\vc100.pdb" /Gd /TP /analyze- /errorReport:prompt cap26.cpp
         cap26.cpp
     1>c:\users\yutaka\gura\tmp\cap26\cap26.cpp(40): error C2065: 'IGrabberSample' : 定義されていない識別子です。
     1>c:\users\yutaka\gura\tmp\cap26\cap26.cpp(40): error C2065: 'pGrab' : 定義されていない識別子です。
     1>c:\users\yutaka\gura\tmp\cap26\cap26.cpp(70): error C2561: 'main' : 関数が値を戻すように宣言されていますが、関数定義に 'return' ステートメントがありません。
                 c:\users\yutaka\gura\tmp\cap26\cap26.cpp(34) : 'main' の宣言を確認してください。
     1>c:\users\yutaka\gura\tmp\cap26\cap26.cpp(89): error C2065: 'CLSID_SampleGrabber' : 定義されていない識別子です。
     1>c:\users\yutaka\gura\tmp\cap26\cap26.cpp(91): error C2065: 'IID_ISampleGrabber' : 定義されていない識別子です。
     1>c:\users\yutaka\gura\tmp\cap26\cap26.cpp(91): error C2065: 'pGrab' : 定義されていない識別子です。
     1>c:\users\yutaka\gura\tmp\cap26\cap26.cpp(97): error C2065: 'pGrab' : 定義されていない識別子です。
     1>c:\users\yutaka\gura\tmp\cap26\cap26.cpp(97): error C2227: '->SetMediaType' : 左側がクラス、構造体、共用体、ジェネリック型へのポインターではありません。
                 型は ''unknown-type'' です。
     1>c:\users\yutaka\gura\tmp\cap26\cap26.cpp(113): error C2065: 'pGrab' : 定義されていない識別子です。
     1>c:\users\yutaka\gura\tmp\cap26\cap26.cpp(113): error C2227: '->GetConnectedMediaType' : 左側がクラス、構造体、共用体、ジェネリック型へのポインターではありません。
                 型は ''unknown-type'' です。
     1>c:\users\yutaka\gura\tmp\cap26\cap26.cpp(141): error C2440: '=' : 'const char [5]' から 'LPCWSTR' に変換できません。
                 指示された型は関連がありません。変換には reinterpret_cast、C スタイル キャストまたは関数スタイルのキャストが必要です。
     1>c:\users\yutaka\gura\tmp\cap26\cap26.cpp(159): error C2065: 'pGrab' : 定義されていない識別子です。
     1>c:\users\yutaka\gura\tmp\cap26\cap26.cpp(159): error C2227: '->SetBufferSamples' : 左側がクラス、構造体、共用体、ジェネリック型へのポインターではありません。
                 型は ''unknown-type'' です。
     1>c:\users\yutaka\gura\tmp\cap26\cap26.cpp(164): error C2065: 'pGrab' : 定義されていない識別子です。
     1>c:\users\yutaka\gura\tmp\cap26\cap26.cpp(164): error C2227: '->GetCurrentBuffer' : 左側がクラス、構造体、共用体、ジェネリック型へのポインターではありません。
                 型は ''unknown-type'' です。
     1>c:\users\yutaka\gura\tmp\cap26\cap26.cpp(168): error C2668: 'fabs' : オーバーロード関数の呼び出しを解決することができません。(新機能 ; ヘルプを参照)
                 c:\program files (x86)\microsoft visual studio 10.0\vc\include\math.h(565): 'long double fabs(long double)' の可能性があります。
                 c:\program files (x86)\microsoft visual studio 10.0\vc\include\math.h(517): または 'float fabs(float)'
                 c:\program files (x86)\microsoft visual studio 10.0\vc\include\math.h(118): または 'double fabs(double)'
                 引数リスト '(int)' を一致させようとしているとき
     1>c:\users\yutaka\gura\tmp\cap26\cap26.cpp(187): error C2065: 'pGrab' : 定義されていない識別子です。
     1>c:\users\yutaka\gura\tmp\cap26\cap26.cpp(187): error C2227: '->SetBufferSamples' : 左側がクラス、構造体、共用体、ジェネリック型へのポインターではありません。
                 型は ''unknown-type'' です。
     1>c:\users\yutaka\gura\tmp\cap26\cap26.cpp(223): error C2664: 'CreateWindowExW' : 2 番目の引数を 'const char [5]' から 'LPCWSTR' に変換できません。(新しい機能 ; ヘルプを参照)
                 指示された型は関連がありません。変換には reinterpret_cast、C スタイル キャストまたは関数スタイルのキャストが必要です。
     1>c:\users\yutaka\gura\tmp\cap26\cap26.cpp(233): error C2664: 'CreateWindowExW' : 2 番目の引数を 'const char [5]' から 'LPCWSTR' に変換できません。(新しい機能 ; ヘルプを参照)
                 指示された型は関連がありません。変換には reinterpret_cast、C スタイル キャストまたは関数スタイルのキャストが必要です。
     1>プロジェクト "C:\Users\yutaka\gura\tmp\cap26\cap26.vcxproj" (build ターゲット) のビルドが終了しました -- 失敗。

ビルドに失敗しました。

経過時間 00:00:00.88
